<?xml version="1.0" encoding="UTF-8"?>
<!-- Generated by org.testng.reporters.JUnitXMLReporter -->
<testsuite ignored="0" hostname="NShaik" failures="1" tests="3" name="Test" time="59.732" errors="0" timestamp="2025-05-22T17:26:47 IST">
  <testcase classname="com.adf.tests.LoginTest" name="validLoginTest" time="1.676"/>
  <testcase classname="com.adf.tests.DashBoardLogoutTest" name="logoutTest" time="41.088"/>
  <testcase classname="com.adf.tests.LibraryPageTest" name="clicklibrary" time="3.964">
    <failure type="java.lang.NullPointerException" message="Cannot invoke &amp;quot;org.openqa.selenium.support.ui.WebDriverWait.until(java.util.function.Function)&amp;quot; because &amp;quot;this.wait&amp;quot; is null">
      <![CDATA[java.lang.NullPointerException: Cannot invoke "org.openqa.selenium.support.ui.WebDriverWait.until(java.util.function.Function)" because "this.wait" is null
at com.adf.pages.LibraryPage.clicklibrary(LibraryPage.java:25)
at com.adf.tests.LibraryPageTest.clicklibrary(LibraryPageTest.java:17)
at java.base/java.util.ArrayList.forEach(ArrayList.java:1511)
... Removed 27 stack frames]]>
    </failure>
  </testcase> <!-- clicklibrary -->
</testsuite> <!-- Test -->
