<?xml version="1.0" encoding="UTF-8"?>
<!-- Generated by org.testng.reporters.JUnitXMLReporter -->
<testsuite ignored="0" hostname="NShaik" failures="0" tests="3" name="Test" time="83.18" errors="0" timestamp="2025-05-22T16:14:08 IST">
  <testcase classname="com.adf.tests.LoginTest" name="validLoginTest" time="1.288"/>
  <testcase classname="com.adf.tests.DashBoardLogoutTest" name="logoutTest" time="23.636"/>
  <testcase classname="com.adf.tests.LibraryPageTest" name="clicklibrary" time="42.257"/>
</testsuite> <!-- Test -->
