<?xml version="1.0" encoding="UTF-8"?>
<testng-results ignored="0" total="1" passed="1" failed="0" skipped="0">
  <reporter-output>
  </reporter-output>
  <suite started-at="2025-05-14T19:32:51 IST" name="Surefire suite" finished-at="2025-05-14T19:33:02 IST" duration-ms="11275">
    <groups>
    </groups>
    <test started-at="2025-05-14T19:32:51 IST" name="Surefire test" finished-at="2025-05-14T19:33:02 IST" duration-ms="11275">
      <class name="com.adf.tests.RegistrationTest">
        <test-method is-config="true" signature="setUp()[pri:0, instance:com.adf.tests.RegistrationTest@56de5251]" started-at="2025-05-14T19:32:51 IST" name="setUp" finished-at="2025-05-14T19:33:00 IST" duration-ms="8625" status="PASS">
          <reporter-output>
          </reporter-output>
        </test-method> <!-- setUp -->
        <test-method signature="registerAndPurchaseProduct()[pri:0, instance:com.adf.tests.RegistrationTest@56de5251]" started-at="2025-05-14T19:33:00 IST" name="registerAndPurchaseProduct" finished-at="2025-05-14T19:33:02 IST" duration-ms="2618" status="PASS">
          <reporter-output>
          </reporter-output>
        </test-method> <!-- registerAndPurchaseProduct -->
      </class> <!-- com.adf.tests.RegistrationTest -->
    </test> <!-- Surefire test -->
  </suite> <!-- Surefire suite -->
</testng-results>
