<?xml version="1.0" encoding="UTF-8"?>
<testng-results ignored="0" total="3" passed="3" failed="0" skipped="0">
  <reporter-output>
  </reporter-output>
  <suite started-at="2025-05-23T17:29:50 IST" name="Suite" finished-at="2025-05-23T17:31:33 IST" duration-ms="103344">
    <groups>
    </groups>
    <test started-at="2025-05-23T17:29:50 IST" name="Test" finished-at="2025-05-23T17:31:33 IST" duration-ms="103344">
      <class name="com.adf.tests.LibraryPageTest">
        <test-method is-config="true" signature="setUp()[pri:0, instance:com.adf.tests.LibraryPageTest@451001e5]" started-at="2025-05-23T17:30:31 IST" name="setUp" finished-at="2025-05-23T17:30:38 IST" duration-ms="6479" status="PASS">
          <reporter-output>
          </reporter-output>
        </test-method> <!-- setUp -->
        <test-method signature="clicklibrary()[pri:0, instance:com.adf.tests.LibraryPageTest@451001e5]" started-at="2025-05-23T17:30:38 IST" name="clicklibrary" finished-at="2025-05-23T17:31:33 IST" duration-ms="55258" status="PASS">
          <reporter-output>
          </reporter-output>
        </test-method> <!-- clicklibrary -->
      </class> <!-- com.adf.tests.LibraryPageTest -->
      <class name="com.adf.tests.DashBoardLogoutTest">
        <test-method is-config="true" signature="setUp()[pri:0, instance:com.adf.tests.DashBoardLogoutTest@221a3fa4]" started-at="2025-05-23T17:29:58 IST" name="setUp" finished-at="2025-05-23T17:30:05 IST" duration-ms="7655" status="PASS">
          <reporter-output>
          </reporter-output>
        </test-method> <!-- setUp -->
        <test-method signature="logoutTest()[pri:0, instance:com.adf.tests.DashBoardLogoutTest@221a3fa4]" started-at="2025-05-23T17:30:05 IST" name="logoutTest" finished-at="2025-05-23T17:30:31 IST" duration-ms="25932" status="PASS">
          <reporter-output>
          </reporter-output>
        </test-method> <!-- logoutTest -->
      </class> <!-- com.adf.tests.DashBoardLogoutTest -->
      <class name="com.adf.tests.LoginTest">
        <test-method is-config="true" signature="setUp()[pri:0, instance:com.adf.tests.LoginTest@712625fd]" started-at="2025-05-23T17:29:50 IST" name="setUp" finished-at="2025-05-23T17:29:57 IST" duration-ms="7911" status="PASS">
          <reporter-output>
          </reporter-output>
        </test-method> <!-- setUp -->
        <test-method signature="validLoginTest()[pri:0, instance:com.adf.tests.LoginTest@712625fd]" started-at="2025-05-23T17:29:57 IST" name="validLoginTest" finished-at="2025-05-23T17:29:58 IST" duration-ms="30" status="PASS">
          <reporter-output>
          </reporter-output>
        </test-method> <!-- validLoginTest -->
      </class> <!-- com.adf.tests.LoginTest -->
    </test> <!-- Test -->
  </suite> <!-- Suite -->
</testng-results>
