<?xml version="1.0" encoding="UTF-8"?>
<testng-results ignored="0" total="3" passed="3" failed="0" skipped="0">
  <reporter-output>
  </reporter-output>
  <suite started-at="2025-05-22T16:12:45 IST" name="Suite" finished-at="2025-05-22T16:14:08 IST" duration-ms="83180">
    <groups>
    </groups>
    <test started-at="2025-05-22T16:12:45 IST" name="Test" finished-at="2025-05-22T16:14:08 IST" duration-ms="83180">
      <class name="com.adf.tests.LibraryPageTest">
        <test-method is-config="true" signature="setUp()[pri:0, instance:com.adf.tests.LibraryPageTest@451001e5]" started-at="2025-05-22T16:13:20 IST" name="setUp" finished-at="2025-05-22T16:13:26 IST" duration-ms="5381" status="PASS">
          <reporter-output>
          </reporter-output>
        </test-method> <!-- setUp -->
        <test-method signature="clicklibrary()[pri:0, instance:com.adf.tests.LibraryPageTest@451001e5]" started-at="2025-05-22T16:13:26 IST" name="clicklibrary" finished-at="2025-05-22T16:14:08 IST" duration-ms="42257" status="PASS">
          <reporter-output>
          </reporter-output>
        </test-method> <!-- clicklibrary -->
      </class> <!-- com.adf.tests.LibraryPageTest -->
      <class name="com.adf.tests.DashBoardLogoutTest">
        <test-method is-config="true" signature="setUp()[pri:0, instance:com.adf.tests.DashBoardLogoutTest@221a3fa4]" started-at="2025-05-22T16:12:52 IST" name="setUp" finished-at="2025-05-22T16:12:57 IST" duration-ms="4953" status="PASS">
          <reporter-output>
          </reporter-output>
        </test-method> <!-- setUp -->
        <test-method signature="logoutTest()[pri:0, instance:com.adf.tests.DashBoardLogoutTest@221a3fa4]" started-at="2025-05-22T16:12:57 IST" name="logoutTest" finished-at="2025-05-22T16:13:20 IST" duration-ms="23636" status="PASS">
          <reporter-output>
          </reporter-output>
        </test-method> <!-- logoutTest -->
      </class> <!-- com.adf.tests.DashBoardLogoutTest -->
      <class name="com.adf.tests.LoginTest">
        <test-method is-config="true" signature="setUp()[pri:0, instance:com.adf.tests.LoginTest@712625fd]" started-at="2025-05-22T16:12:45 IST" name="setUp" finished-at="2025-05-22T16:12:51 IST" duration-ms="5597" status="PASS">
          <reporter-output>
          </reporter-output>
        </test-method> <!-- setUp -->
        <test-method signature="validLoginTest()[pri:0, instance:com.adf.tests.LoginTest@712625fd]" started-at="2025-05-22T16:12:51 IST" name="validLoginTest" finished-at="2025-05-22T16:12:52 IST" duration-ms="1288" status="PASS">
          <reporter-output>
          </reporter-output>
        </test-method> <!-- validLoginTest -->
      </class> <!-- com.adf.tests.LoginTest -->
    </test> <!-- Test -->
  </suite> <!-- Suite -->
</testng-results>
